ARM GAS  /var/folders/y7/_d9vdr012bs12l9t9lld31wc0000gn/T//ccOX3NYm.s 			page 1


   1              		.cpu cortex-m4
   2              		.eabi_attribute 27, 1
   3              		.eabi_attribute 28, 1
   4              		.eabi_attribute 20, 1
   5              		.eabi_attribute 21, 1
   6              		.eabi_attribute 23, 3
   7              		.eabi_attribute 24, 1
   8              		.eabi_attribute 25, 1
   9              		.eabi_attribute 26, 1
  10              		.eabi_attribute 30, 1
  11              		.eabi_attribute 34, 1
  12              		.eabi_attribute 18, 4
  13              		.file	"main.c"
  14              		.text
  15              	.Ltext0:
  16              		.cfi_sections	.debug_frame
  17              		.section	.text.SystemClock_Config,"ax",%progbits
  18              		.align	1
  19              		.global	SystemClock_Config
  20              		.arch armv7e-m
  21              		.syntax unified
  22              		.thumb
  23              		.thumb_func
  24              		.fpu fpv4-sp-d16
  26              	SystemClock_Config:
  27              	.LFB127:
  28              		.file 1 "Core/Src/main.c"
   1:Core/Src/main.c **** /* USER CODE BEGIN Header */
   2:Core/Src/main.c **** /**
   3:Core/Src/main.c ****   ******************************************************************************
   4:Core/Src/main.c ****   * @file           : main.c
   5:Core/Src/main.c ****   * @brief          : Main program body
   6:Core/Src/main.c ****   ******************************************************************************
   7:Core/Src/main.c ****   * @attention
   8:Core/Src/main.c ****   *
   9:Core/Src/main.c ****   * <h2><center>&copy; Copyright (c) 2019 STMicroelectronics.
  10:Core/Src/main.c ****   * All rights reserved.</center></h2>
  11:Core/Src/main.c ****   *
  12:Core/Src/main.c ****   * This software component is licensed by ST under BSD 3-Clause license,
  13:Core/Src/main.c ****   * the "License"; You may not use this file except in compliance with the
  14:Core/Src/main.c ****   * License. You may obtain a copy of the License at:
  15:Core/Src/main.c ****   *                        opensource.org/licenses/BSD-3-Clause
  16:Core/Src/main.c ****   *
  17:Core/Src/main.c ****   ******************************************************************************
  18:Core/Src/main.c ****   */
  19:Core/Src/main.c **** /* USER CODE END Header */
  20:Core/Src/main.c **** 
  21:Core/Src/main.c **** /* Includes ------------------------------------------------------------------*/
  22:Core/Src/main.c **** #include "main.h"
  23:Core/Src/main.c **** #include "tim.h"
  24:Core/Src/main.c **** #include "gpio.h"
  25:Core/Src/main.c **** 
  26:Core/Src/main.c **** /* Private includes ----------------------------------------------------------*/
  27:Core/Src/main.c **** /* USER CODE BEGIN Includes */
  28:Core/Src/main.c **** 
  29:Core/Src/main.c **** 
  30:Core/Src/main.c **** 
ARM GAS  /var/folders/y7/_d9vdr012bs12l9t9lld31wc0000gn/T//ccOX3NYm.s 			page 2


  31:Core/Src/main.c **** 
  32:Core/Src/main.c **** /* USER CODE END Includes */
  33:Core/Src/main.c **** 
  34:Core/Src/main.c **** /* Private typedef -----------------------------------------------------------*/
  35:Core/Src/main.c **** /* USER CODE BEGIN PTD */
  36:Core/Src/main.c **** 
  37:Core/Src/main.c **** /* USER CODE END PTD */
  38:Core/Src/main.c **** 
  39:Core/Src/main.c **** /* Private define ------------------------------------------------------------*/
  40:Core/Src/main.c **** /* USER CODE BEGIN PD */
  41:Core/Src/main.c **** 
  42:Core/Src/main.c **** /* USER CODE END PD */
  43:Core/Src/main.c **** 
  44:Core/Src/main.c **** /* Private macro -------------------------------------------------------------*/
  45:Core/Src/main.c **** /* USER CODE BEGIN PM */
  46:Core/Src/main.c **** 
  47:Core/Src/main.c **** /* USER CODE END PM */
  48:Core/Src/main.c **** 
  49:Core/Src/main.c **** /* Private variables ---------------------------------------------------------*/
  50:Core/Src/main.c **** 
  51:Core/Src/main.c **** /* USER CODE BEGIN PV */
  52:Core/Src/main.c **** 
  53:Core/Src/main.c **** /* USER CODE END PV */
  54:Core/Src/main.c **** 
  55:Core/Src/main.c **** /* Private function prototypes -----------------------------------------------*/
  56:Core/Src/main.c **** void SystemClock_Config(void);
  57:Core/Src/main.c **** /* USER CODE BEGIN PFP */
  58:Core/Src/main.c **** 
  59:Core/Src/main.c **** /* USER CODE END PFP */
  60:Core/Src/main.c **** 
  61:Core/Src/main.c **** /* Private user code ---------------------------------------------------------*/
  62:Core/Src/main.c **** /* USER CODE BEGIN 0 */
  63:Core/Src/main.c **** 
  64:Core/Src/main.c **** /* USER CODE END 0 */
  65:Core/Src/main.c **** 
  66:Core/Src/main.c **** /**
  67:Core/Src/main.c ****   * @brief  The application entry point.
  68:Core/Src/main.c ****   * @retval int
  69:Core/Src/main.c ****   */
  70:Core/Src/main.c **** int main(void)
  71:Core/Src/main.c **** {
  72:Core/Src/main.c ****   /* USER CODE BEGIN 1 */
  73:Core/Src/main.c **** 
  74:Core/Src/main.c ****   /* USER CODE END 1 */
  75:Core/Src/main.c ****   
  76:Core/Src/main.c **** 
  77:Core/Src/main.c ****   /* MCU Configuration--------------------------------------------------------*/
  78:Core/Src/main.c **** 
  79:Core/Src/main.c ****   /* Reset of all peripherals, Initializes the Flash interface and the Systick. */
  80:Core/Src/main.c ****   HAL_Init();
  81:Core/Src/main.c **** 
  82:Core/Src/main.c ****   /* USER CODE BEGIN Init */
  83:Core/Src/main.c **** 
  84:Core/Src/main.c ****   /* USER CODE END Init */
  85:Core/Src/main.c **** 
  86:Core/Src/main.c ****   /* Configure the system clock */
  87:Core/Src/main.c ****   SystemClock_Config();
ARM GAS  /var/folders/y7/_d9vdr012bs12l9t9lld31wc0000gn/T//ccOX3NYm.s 			page 3


  88:Core/Src/main.c **** 
  89:Core/Src/main.c ****   /* USER CODE BEGIN SysInit */
  90:Core/Src/main.c **** 
  91:Core/Src/main.c ****   /* USER CODE END SysInit */
  92:Core/Src/main.c **** 
  93:Core/Src/main.c ****   /* Initialize all configured peripherals */
  94:Core/Src/main.c ****   MX_GPIO_Init();
  95:Core/Src/main.c ****   MX_TIM2_Init();
  96:Core/Src/main.c ****   /* USER CODE BEGIN 2 */
  97:Core/Src/main.c **** 
  98:Core/Src/main.c ****   /* USER CODE END 2 */
  99:Core/Src/main.c **** 
 100:Core/Src/main.c ****   /* Infinite loop */
 101:Core/Src/main.c ****   /* USER CODE BEGIN WHILE */
 102:Core/Src/main.c ****   while (1)
 103:Core/Src/main.c ****   {
 104:Core/Src/main.c ****     /* USER CODE END WHILE */
 105:Core/Src/main.c ****   HAL_GPIO_WritePin(BLINK_GPIO_Port, BLINK_Pin, GPIO_PIN_RESET);
 106:Core/Src/main.c ****   HAL_Delay(100);
 107:Core/Src/main.c **** 
 108:Core/Src/main.c ****   HAL_GPIO_WritePin(BLINK_GPIO_Port, BLINK_Pin, GPIO_PIN_SET);
 109:Core/Src/main.c ****   HAL_Delay(100);
 110:Core/Src/main.c ****     /* USER CODE BEGIN 3 */
 111:Core/Src/main.c ****   }
 112:Core/Src/main.c ****   /* USER CODE END 3 */
 113:Core/Src/main.c **** }
 114:Core/Src/main.c **** 
 115:Core/Src/main.c **** /**
 116:Core/Src/main.c ****   * @brief System Clock Configuration
 117:Core/Src/main.c ****   * @retval None
 118:Core/Src/main.c ****   */
 119:Core/Src/main.c **** void SystemClock_Config(void)
 120:Core/Src/main.c **** {
  29              		.loc 1 120 1 view -0
  30              		.cfi_startproc
  31              		@ args = 0, pretend = 0, frame = 64
  32              		@ frame_needed = 0, uses_anonymous_args = 0
  33 0000 30B5     		push	{r4, r5, lr}
  34              	.LCFI0:
  35              		.cfi_def_cfa_offset 12
  36              		.cfi_offset 4, -12
  37              		.cfi_offset 5, -8
  38              		.cfi_offset 14, -4
  39 0002 91B0     		sub	sp, sp, #68
  40              	.LCFI1:
  41              		.cfi_def_cfa_offset 80
 121:Core/Src/main.c ****   RCC_OscInitTypeDef RCC_OscInitStruct = {0};
  42              		.loc 1 121 3 view .LVU1
  43              		.loc 1 121 22 is_stmt 0 view .LVU2
  44 0004 2022     		movs	r2, #32
  45 0006 0021     		movs	r1, #0
  46 0008 0DEB0200 		add	r0, sp, r2
  47 000c FFF7FEFF 		bl	memset
  48              	.LVL0:
 122:Core/Src/main.c ****   RCC_ClkInitTypeDef RCC_ClkInitStruct = {0};
  49              		.loc 1 122 3 is_stmt 1 view .LVU3
  50              		.loc 1 122 22 is_stmt 0 view .LVU4
ARM GAS  /var/folders/y7/_d9vdr012bs12l9t9lld31wc0000gn/T//ccOX3NYm.s 			page 4


  51 0010 0024     		movs	r4, #0
  52 0012 0194     		str	r4, [sp, #4]
  53 0014 0294     		str	r4, [sp, #8]
  54 0016 0394     		str	r4, [sp, #12]
  55 0018 0494     		str	r4, [sp, #16]
  56 001a 0594     		str	r4, [sp, #20]
 123:Core/Src/main.c **** 
 124:Core/Src/main.c ****   /** Initializes the CPU, AHB and APB busses clocks 
 125:Core/Src/main.c ****   */
 126:Core/Src/main.c ****   RCC_OscInitStruct.OscillatorType = RCC_OSCILLATORTYPE_HSE;
  57              		.loc 1 126 3 is_stmt 1 view .LVU5
  58              		.loc 1 126 36 is_stmt 0 view .LVU6
  59 001c 0125     		movs	r5, #1
  60 001e 0695     		str	r5, [sp, #24]
 127:Core/Src/main.c ****   RCC_OscInitStruct.HSEState = RCC_HSE_ON;
  61              		.loc 1 127 3 is_stmt 1 view .LVU7
  62              		.loc 1 127 30 is_stmt 0 view .LVU8
  63 0020 4FF48033 		mov	r3, #65536
  64 0024 0793     		str	r3, [sp, #28]
 128:Core/Src/main.c ****   RCC_OscInitStruct.HSIState = RCC_HSI_ON;
  65              		.loc 1 128 3 is_stmt 1 view .LVU9
  66              		.loc 1 128 30 is_stmt 0 view .LVU10
  67 0026 0A95     		str	r5, [sp, #40]
 129:Core/Src/main.c ****   RCC_OscInitStruct.PLL.PLLState = RCC_PLL_NONE;
  68              		.loc 1 129 3 is_stmt 1 view .LVU11
 130:Core/Src/main.c ****   if (HAL_RCC_OscConfig(&RCC_OscInitStruct) != HAL_OK)
  69              		.loc 1 130 3 view .LVU12
  70              		.loc 1 130 7 is_stmt 0 view .LVU13
  71 0028 06A8     		add	r0, sp, #24
  72 002a FFF7FEFF 		bl	HAL_RCC_OscConfig
  73              	.LVL1:
 131:Core/Src/main.c ****   {
 132:Core/Src/main.c ****     Error_Handler();
 133:Core/Src/main.c ****   }
 134:Core/Src/main.c ****   /** Initializes the CPU, AHB and APB busses clocks 
 135:Core/Src/main.c ****   */
 136:Core/Src/main.c ****   RCC_ClkInitStruct.ClockType = RCC_CLOCKTYPE_HCLK|RCC_CLOCKTYPE_SYSCLK
  74              		.loc 1 136 3 is_stmt 1 view .LVU14
  75              		.loc 1 136 31 is_stmt 0 view .LVU15
  76 002e 0F23     		movs	r3, #15
  77 0030 0193     		str	r3, [sp, #4]
 137:Core/Src/main.c ****                               |RCC_CLOCKTYPE_PCLK1|RCC_CLOCKTYPE_PCLK2;
 138:Core/Src/main.c ****   RCC_ClkInitStruct.SYSCLKSource = RCC_SYSCLKSOURCE_HSE;
  78              		.loc 1 138 3 is_stmt 1 view .LVU16
  79              		.loc 1 138 34 is_stmt 0 view .LVU17
  80 0032 0295     		str	r5, [sp, #8]
 139:Core/Src/main.c ****   RCC_ClkInitStruct.AHBCLKDivider = RCC_SYSCLK_DIV1;
  81              		.loc 1 139 3 is_stmt 1 view .LVU18
  82              		.loc 1 139 35 is_stmt 0 view .LVU19
  83 0034 0394     		str	r4, [sp, #12]
 140:Core/Src/main.c ****   RCC_ClkInitStruct.APB1CLKDivider = RCC_HCLK_DIV1;
  84              		.loc 1 140 3 is_stmt 1 view .LVU20
  85              		.loc 1 140 36 is_stmt 0 view .LVU21
  86 0036 0494     		str	r4, [sp, #16]
 141:Core/Src/main.c ****   RCC_ClkInitStruct.APB2CLKDivider = RCC_HCLK_DIV1;
  87              		.loc 1 141 3 is_stmt 1 view .LVU22
  88              		.loc 1 141 36 is_stmt 0 view .LVU23
ARM GAS  /var/folders/y7/_d9vdr012bs12l9t9lld31wc0000gn/T//ccOX3NYm.s 			page 5


  89 0038 0594     		str	r4, [sp, #20]
 142:Core/Src/main.c **** 
 143:Core/Src/main.c ****   if (HAL_RCC_ClockConfig(&RCC_ClkInitStruct, FLASH_LATENCY_0) != HAL_OK)
  90              		.loc 1 143 3 is_stmt 1 view .LVU24
  91              		.loc 1 143 7 is_stmt 0 view .LVU25
  92 003a 2146     		mov	r1, r4
  93 003c 01A8     		add	r0, sp, #4
  94 003e FFF7FEFF 		bl	HAL_RCC_ClockConfig
  95              	.LVL2:
 144:Core/Src/main.c ****   {
 145:Core/Src/main.c ****     Error_Handler();
 146:Core/Src/main.c ****   }
 147:Core/Src/main.c **** }
  96              		.loc 1 147 1 view .LVU26
  97 0042 11B0     		add	sp, sp, #68
  98              	.LCFI2:
  99              		.cfi_def_cfa_offset 12
 100              		@ sp needed
 101 0044 30BD     		pop	{r4, r5, pc}
 102              		.cfi_endproc
 103              	.LFE127:
 105              		.section	.text.main,"ax",%progbits
 106              		.align	1
 107              		.global	main
 108              		.syntax unified
 109              		.thumb
 110              		.thumb_func
 111              		.fpu fpv4-sp-d16
 113              	main:
 114              	.LFB126:
  71:Core/Src/main.c ****   /* USER CODE BEGIN 1 */
 115              		.loc 1 71 1 is_stmt 1 view -0
 116              		.cfi_startproc
 117              		@ Volatile: function does not return.
 118              		@ args = 0, pretend = 0, frame = 0
 119              		@ frame_needed = 0, uses_anonymous_args = 0
 120 0000 08B5     		push	{r3, lr}
 121              	.LCFI3:
 122              		.cfi_def_cfa_offset 8
 123              		.cfi_offset 3, -8
 124              		.cfi_offset 14, -4
  80:Core/Src/main.c **** 
 125              		.loc 1 80 3 view .LVU28
 126 0002 FFF7FEFF 		bl	HAL_Init
 127              	.LVL3:
  87:Core/Src/main.c **** 
 128              		.loc 1 87 3 view .LVU29
 129 0006 FFF7FEFF 		bl	SystemClock_Config
 130              	.LVL4:
  94:Core/Src/main.c ****   MX_TIM2_Init();
 131              		.loc 1 94 3 view .LVU30
 132 000a FFF7FEFF 		bl	MX_GPIO_Init
 133              	.LVL5:
  95:Core/Src/main.c ****   /* USER CODE BEGIN 2 */
 134              		.loc 1 95 3 view .LVU31
 135 000e FFF7FEFF 		bl	MX_TIM2_Init
 136              	.LVL6:
ARM GAS  /var/folders/y7/_d9vdr012bs12l9t9lld31wc0000gn/T//ccOX3NYm.s 			page 6


 137              	.L4:
 102:Core/Src/main.c ****   {
 138              		.loc 1 102 3 discriminator 1 view .LVU32
 105:Core/Src/main.c ****   HAL_Delay(100);
 139              		.loc 1 105 3 discriminator 1 view .LVU33
 140 0012 0022     		movs	r2, #0
 141 0014 0221     		movs	r1, #2
 142 0016 4FF09040 		mov	r0, #1207959552
 143 001a FFF7FEFF 		bl	HAL_GPIO_WritePin
 144              	.LVL7:
 106:Core/Src/main.c **** 
 145              		.loc 1 106 3 discriminator 1 view .LVU34
 146 001e 6420     		movs	r0, #100
 147 0020 FFF7FEFF 		bl	HAL_Delay
 148              	.LVL8:
 108:Core/Src/main.c ****   HAL_Delay(100);
 149              		.loc 1 108 3 discriminator 1 view .LVU35
 150 0024 0122     		movs	r2, #1
 151 0026 0221     		movs	r1, #2
 152 0028 4FF09040 		mov	r0, #1207959552
 153 002c FFF7FEFF 		bl	HAL_GPIO_WritePin
 154              	.LVL9:
 109:Core/Src/main.c ****     /* USER CODE BEGIN 3 */
 155              		.loc 1 109 3 discriminator 1 view .LVU36
 156 0030 6420     		movs	r0, #100
 157 0032 FFF7FEFF 		bl	HAL_Delay
 158              	.LVL10:
 159 0036 ECE7     		b	.L4
 160              		.cfi_endproc
 161              	.LFE126:
 163              		.section	.text.Error_Handler,"ax",%progbits
 164              		.align	1
 165              		.global	Error_Handler
 166              		.syntax unified
 167              		.thumb
 168              		.thumb_func
 169              		.fpu fpv4-sp-d16
 171              	Error_Handler:
 172              	.LFB128:
 148:Core/Src/main.c **** 
 149:Core/Src/main.c **** /* USER CODE BEGIN 4 */
 150:Core/Src/main.c **** 
 151:Core/Src/main.c **** /* USER CODE END 4 */
 152:Core/Src/main.c **** 
 153:Core/Src/main.c **** /**
 154:Core/Src/main.c ****   * @brief  This function is executed in case of error occurrence.
 155:Core/Src/main.c ****   * @retval None
 156:Core/Src/main.c ****   */
 157:Core/Src/main.c **** void Error_Handler(void)
 158:Core/Src/main.c **** {
 173              		.loc 1 158 1 view -0
 174              		.cfi_startproc
 175              		@ args = 0, pretend = 0, frame = 0
 176              		@ frame_needed = 0, uses_anonymous_args = 0
 177              		@ link register save eliminated.
 159:Core/Src/main.c ****   /* USER CODE BEGIN Error_Handler_Debug */
 160:Core/Src/main.c ****   /* User can add his own implementation to report the HAL error return state */
ARM GAS  /var/folders/y7/_d9vdr012bs12l9t9lld31wc0000gn/T//ccOX3NYm.s 			page 7


 161:Core/Src/main.c **** 
 162:Core/Src/main.c ****   /* USER CODE END Error_Handler_Debug */
 163:Core/Src/main.c **** }
 178              		.loc 1 163 1 view .LVU38
 179 0000 7047     		bx	lr
 180              		.cfi_endproc
 181              	.LFE128:
 183              		.text
 184              	.Letext0:
 185              		.file 2 "/usr/local/Cellar/arm-gcc-bin/8-2019-q3-update/arm-none-eabi/include/machine/_default_typ
 186              		.file 3 "/usr/local/Cellar/arm-gcc-bin/8-2019-q3-update/arm-none-eabi/include/sys/_stdint.h"
 187              		.file 4 "Drivers/CMSIS/Include/core_cm4.h"
 188              		.file 5 "Drivers/CMSIS/Device/ST/STM32F3xx/Include/system_stm32f3xx.h"
 189              		.file 6 "Drivers/CMSIS/Device/ST/STM32F3xx/Include/stm32f303x8.h"
 190              		.file 7 "/usr/local/Cellar/arm-gcc-bin/8-2019-q3-update/lib/gcc/arm-none-eabi/8.3.1/include/stddef
 191              		.file 8 "/usr/local/Cellar/arm-gcc-bin/8-2019-q3-update/arm-none-eabi/include/sys/_types.h"
 192              		.file 9 "/usr/local/Cellar/arm-gcc-bin/8-2019-q3-update/arm-none-eabi/include/sys/reent.h"
 193              		.file 10 "/usr/local/Cellar/arm-gcc-bin/8-2019-q3-update/arm-none-eabi/include/sys/lock.h"
 194              		.file 11 "Drivers/STM32F3xx_HAL_Driver/Inc/stm32f3xx_hal_def.h"
 195              		.file 12 "Drivers/STM32F3xx_HAL_Driver/Inc/stm32f3xx_hal_rcc.h"
 196              		.file 13 "Drivers/STM32F3xx_HAL_Driver/Inc/stm32f3xx_hal_gpio.h"
 197              		.file 14 "Drivers/STM32F3xx_HAL_Driver/Inc/stm32f3xx_hal_dma.h"
 198              		.file 15 "Drivers/STM32F3xx_HAL_Driver/Inc/stm32f3xx_hal_tim.h"
 199              		.file 16 "Drivers/STM32F3xx_HAL_Driver/Inc/stm32f3xx_hal.h"
 200              		.file 17 "Core/Inc/tim.h"
 201              		.file 18 "Core/Inc/gpio.h"
 202              		.file 19 "<built-in>"
ARM GAS  /var/folders/y7/_d9vdr012bs12l9t9lld31wc0000gn/T//ccOX3NYm.s 			page 8


DEFINED SYMBOLS
                            *ABS*:0000000000000000 main.c
/var/folders/y7/_d9vdr012bs12l9t9lld31wc0000gn/T//ccOX3NYm.s:18     .text.SystemClock_Config:0000000000000000 $t
/var/folders/y7/_d9vdr012bs12l9t9lld31wc0000gn/T//ccOX3NYm.s:26     .text.SystemClock_Config:0000000000000000 SystemClock_Config
/var/folders/y7/_d9vdr012bs12l9t9lld31wc0000gn/T//ccOX3NYm.s:106    .text.main:0000000000000000 $t
/var/folders/y7/_d9vdr012bs12l9t9lld31wc0000gn/T//ccOX3NYm.s:113    .text.main:0000000000000000 main
/var/folders/y7/_d9vdr012bs12l9t9lld31wc0000gn/T//ccOX3NYm.s:164    .text.Error_Handler:0000000000000000 $t
/var/folders/y7/_d9vdr012bs12l9t9lld31wc0000gn/T//ccOX3NYm.s:171    .text.Error_Handler:0000000000000000 Error_Handler

UNDEFINED SYMBOLS
memset
HAL_RCC_OscConfig
HAL_RCC_ClockConfig
HAL_Init
MX_GPIO_Init
MX_TIM2_Init
HAL_GPIO_WritePin
HAL_Delay
